mode: set
uproxy/internal/uproxy/auth.go:23.51,24.18 1 1
uproxy/internal/uproxy/auth.go:24.18,26.3 1 1
uproxy/internal/uproxy/auth.go:27.2,28.16 2 1
uproxy/internal/uproxy/auth.go:28.16,30.3 1 1
uproxy/internal/uproxy/auth.go:31.2,31.41 1 0
uproxy/internal/uproxy/auth.go:38.72,42.26 2 1
uproxy/internal/uproxy/auth.go:42.26,44.3 1 1
uproxy/internal/uproxy/auth.go:44.8,47.17 2 1
uproxy/internal/uproxy/auth.go:47.17,49.4 1 1
uproxy/internal/uproxy/auth.go:52.3,55.4 1 1
uproxy/internal/uproxy/auth.go:58.2,60.26 3 1
uproxy/internal/uproxy/auth.go:60.26,61.43 1 1
uproxy/internal/uproxy/auth.go:61.43,64.9 3 1
uproxy/internal/uproxy/auth.go:67.2,67.19 1 1
uproxy/internal/uproxy/auth.go:67.19,68.27 1 1
uproxy/internal/uproxy/auth.go:68.27,70.4 1 1
uproxy/internal/uproxy/auth.go:71.3,71.81 1 1
uproxy/internal/uproxy/auth.go:74.2,75.16 2 1
uproxy/internal/uproxy/auth.go:75.16,77.3 1 1
uproxy/internal/uproxy/auth.go:79.2,80.20 2 1
uproxy/internal/uproxy/auth.go:88.89,90.20 2 1
uproxy/internal/uproxy/auth.go:90.20,92.17 2 1
uproxy/internal/uproxy/auth.go:92.17,94.4 1 1
uproxy/internal/uproxy/auth.go:95.3,95.51 1 1
uproxy/internal/uproxy/auth.go:98.2,99.16 2 1
uproxy/internal/uproxy/auth.go:99.16,101.3 1 1
uproxy/internal/uproxy/auth.go:103.2,103.17 1 1
uproxy/internal/uproxy/auth.go:103.17,105.17 2 1
uproxy/internal/uproxy/auth.go:105.17,107.12 2 1
uproxy/internal/uproxy/auth.go:109.3,109.56 1 1
uproxy/internal/uproxy/auth.go:109.56,112.4 2 1
uproxy/internal/uproxy/auth.go:113.3,113.11 1 1
uproxy/internal/uproxy/auth.go:115.2,115.77 1 1
uproxy/internal/uproxy/auth.go:123.114,125.18 2 1
uproxy/internal/uproxy/auth.go:125.18,127.17 2 1
uproxy/internal/uproxy/auth.go:127.17,129.4 1 1
uproxy/internal/uproxy/auth.go:130.3,130.45 1 1
uproxy/internal/uproxy/auth.go:134.2,134.51 1 1
uproxy/internal/uproxy/auth.go:134.51,135.65 1 1
uproxy/internal/uproxy/auth.go:135.65,137.4 1 1
uproxy/internal/uproxy/auth.go:140.2,141.16 2 1
uproxy/internal/uproxy/auth.go:141.16,143.17 2 1
uproxy/internal/uproxy/auth.go:143.17,146.4 2 1
uproxy/internal/uproxy/auth.go:148.3,149.30 2 1
uproxy/internal/uproxy/auth.go:149.30,150.28 1 1
uproxy/internal/uproxy/auth.go:150.28,157.5 1 1
uproxy/internal/uproxy/auth.go:159.9,161.4 1 0
uproxy/internal/uproxy/auth.go:164.2,165.62 2 1
uproxy/internal/uproxy/auth.go:170.102,173.16 2 1
uproxy/internal/uproxy/auth.go:173.16,176.3 2 1
uproxy/internal/uproxy/auth.go:176.8,178.3 1 0
uproxy/internal/uproxy/auth.go:180.2,185.55 5 1
uproxy/internal/uproxy/auth.go:185.55,187.3 1 1
uproxy/internal/uproxy/auth.go:189.2,190.23 2 1
uproxy/internal/uproxy/auth.go:190.23,192.3 1 1
uproxy/internal/uproxy/auth.go:194.2,195.16 2 1
uproxy/internal/uproxy/auth.go:195.16,197.3 1 1
uproxy/internal/uproxy/auth.go:198.2,201.54 3 1
uproxy/internal/uproxy/auth.go:201.54,203.3 1 0
uproxy/internal/uproxy/auth.go:205.2,206.12 2 1
uproxy/internal/uproxy/channel.go:19.79,25.2 1 1
uproxy/internal/uproxy/channel.go:28.44,30.2 1 1
uproxy/internal/uproxy/channel.go:33.45,35.2 1 1
uproxy/internal/uproxy/channel.go:38.54,40.2 1 1
uproxy/internal/uproxy/channel.go:43.58,45.2 1 1
uproxy/internal/uproxy/channel.go:48.59,50.2 1 1
uproxy/internal/uproxy/logger.go:10.39,12.32 2 1
uproxy/internal/uproxy/logger.go:13.15,14.22 1 1
uproxy/internal/uproxy/logger.go:15.14,16.21 1 1
uproxy/internal/uproxy/logger.go:17.14,18.21 1 1
uproxy/internal/uproxy/logger.go:19.15,20.22 1 1
uproxy/internal/uproxy/logger.go:21.10,22.21 1 1
uproxy/internal/uproxy/logger.go:25.2,30.39 3 1
uproxy/internal/uproxy/logger.go:30.39,32.3 1 1
uproxy/internal/uproxy/logger.go:32.8,34.3 1 1
uproxy/internal/uproxy/logger.go:36.2,36.36 1 1
uproxy/internal/uproxy/netutil.go:20.60,22.2 1 1
uproxy/internal/uproxy/netutil.go:25.71,27.16 2 1
uproxy/internal/uproxy/netutil.go:27.16,29.3 1 1
uproxy/internal/uproxy/netutil.go:30.2,30.49 1 1
uproxy/internal/uproxy/netutil.go:35.20,36.31 1 1
uproxy/internal/uproxy/netutil.go:36.31,40.3 1 0
uproxy/internal/uproxy/netutil.go:42.2,42.26 1 1
uproxy/internal/uproxy/netutil.go:49.61,51.16 2 1
uproxy/internal/uproxy/netutil.go:51.16,53.3 1 1
uproxy/internal/uproxy/netutil.go:54.2,55.16 2 1
uproxy/internal/uproxy/netutil.go:55.16,57.3 1 1
uproxy/internal/uproxy/netutil.go:58.2,58.29 1 1
uproxy/internal/uproxy/netutil.go:58.29,60.27 2 1
uproxy/internal/uproxy/netutil.go:61.19,62.13 1 1
uproxy/internal/uproxy/netutil.go:63.20,64.13 1 0
uproxy/internal/uproxy/netutil.go:66.3,66.34 1 1
uproxy/internal/uproxy/netutil.go:66.34,68.4 1 1
uproxy/internal/uproxy/netutil.go:70.2,70.76 1 1
uproxy/internal/uproxy/netutil.go:75.61,77.16 2 1
uproxy/internal/uproxy/netutil.go:77.16,79.3 1 1
uproxy/internal/uproxy/netutil.go:80.2,81.16 2 1
uproxy/internal/uproxy/netutil.go:81.16,83.3 1 1
uproxy/internal/uproxy/netutil.go:84.2,84.29 1 1
uproxy/internal/uproxy/netutil.go:84.29,86.27 2 1
uproxy/internal/uproxy/netutil.go:87.19,88.13 1 1
uproxy/internal/uproxy/netutil.go:89.20,90.13 1 0
uproxy/internal/uproxy/netutil.go:93.3,93.70 1 1
uproxy/internal/uproxy/netutil.go:93.70,95.4 1 1
uproxy/internal/uproxy/netutil.go:97.2,97.76 1 1
uproxy/internal/uproxy/netutil.go:102.59,104.60 1 1
uproxy/internal/uproxy/netutil.go:104.60,106.3 1 1
uproxy/internal/uproxy/netutil.go:108.2,108.40 1 1
uproxy/internal/uproxy/netutil.go:112.78,114.16 2 1
uproxy/internal/uproxy/netutil.go:114.16,116.3 1 1
uproxy/internal/uproxy/netutil.go:117.2,118.16 2 1
uproxy/internal/uproxy/netutil.go:118.16,120.3 1 1
uproxy/internal/uproxy/netutil.go:121.2,121.29 1 1
uproxy/internal/uproxy/netutil.go:121.29,123.27 2 1
uproxy/internal/uproxy/netutil.go:124.19,125.13 1 1
uproxy/internal/uproxy/netutil.go:126.20,127.13 1 0
uproxy/internal/uproxy/netutil.go:129.3,129.49 1 1
uproxy/internal/uproxy/netutil.go:129.49,131.4 1 1
uproxy/internal/uproxy/netutil.go:131.9,131.92 1 1
uproxy/internal/uproxy/netutil.go:131.92,133.4 1 1
uproxy/internal/uproxy/netutil.go:135.2,135.32 1 1
uproxy/internal/uproxy/netutil.go:135.32,137.3 1 1
uproxy/internal/uproxy/netutil.go:138.2,138.24 1 1
uproxy/internal/uproxy/netutil.go:144.67,145.21 1 1
uproxy/internal/uproxy/netutil.go:145.21,147.3 1 1
uproxy/internal/uproxy/netutil.go:148.2,149.16 2 1
uproxy/internal/uproxy/netutil.go:149.16,151.3 1 1
uproxy/internal/uproxy/netutil.go:153.2,153.53 1 1
uproxy/internal/uproxy/netutil.go:153.53,155.17 2 1
uproxy/internal/uproxy/netutil.go:155.17,157.4 1 1
uproxy/internal/uproxy/netutil.go:158.3,158.50 1 1
uproxy/internal/uproxy/netutil.go:160.2,160.18 1 1
uproxy/internal/uproxy/netutil.go:166.54,167.17 1 1
uproxy/internal/uproxy/netutil.go:167.17,170.3 2 1
uproxy/internal/uproxy/proxy.go:20.102,33.20 8 1
uproxy/internal/uproxy/proxy.go:33.20,38.45 4 1
uproxy/internal/uproxy/proxy.go:38.45,40.4 1 0
uproxy/internal/uproxy/proxy.go:41.3,41.13 1 1
uproxy/internal/uproxy/proxy.go:45.2,45.20 1 1
uproxy/internal/uproxy/proxy.go:45.20,50.45 4 1
uproxy/internal/uproxy/proxy.go:50.45,52.4 1 0
uproxy/internal/uproxy/proxy.go:53.3,53.13 1 1
uproxy/internal/uproxy/proxy.go:56.2,69.12 4 1
uproxy/internal/uproxy/proxy.go:73.37,74.44 1 1
uproxy/internal/uproxy/proxy.go:74.44,75.50 1 1
uproxy/internal/uproxy/proxy.go:75.50,77.4 1 1
uproxy/internal/uproxy/resilient.go:39.137,40.28 1 1
uproxy/internal/uproxy/resilient.go:40.28,42.3 1 1
uproxy/internal/uproxy/resilient.go:43.2,56.17 3 1
uproxy/internal/uproxy/resilient.go:56.17,58.3 1 1
uproxy/internal/uproxy/resilient.go:60.2,60.10 1 1
uproxy/internal/uproxy/resilient.go:65.92,70.2 4 1
uproxy/internal/uproxy/resilient.go:72.50,74.32 2 1
uproxy/internal/uproxy/resilient.go:74.32,77.3 2 1
uproxy/internal/uproxy/resilient.go:78.2,87.24 7 1
uproxy/internal/uproxy/resilient.go:87.24,98.21 5 1
uproxy/internal/uproxy/resilient.go:98.21,100.4 1 1
uproxy/internal/uproxy/resilient.go:101.8,103.3 1 1
uproxy/internal/uproxy/resilient.go:106.2,106.14 1 1
uproxy/internal/uproxy/resilient.go:106.14,107.13 1 1
uproxy/internal/uproxy/resilient.go:107.13,108.17 1 1
uproxy/internal/uproxy/resilient.go:108.17,112.5 3 1
uproxy/internal/uproxy/resilient.go:113.4,113.21 1 1
uproxy/internal/uproxy/resilient.go:115.8,119.3 3 1
uproxy/internal/uproxy/resilient.go:122.47,124.14 2 1
uproxy/internal/uproxy/resilient.go:124.14,127.3 2 1
uproxy/internal/uproxy/resilient.go:128.2,128.19 1 1
uproxy/internal/uproxy/resilient.go:128.19,131.3 2 1
uproxy/internal/uproxy/resilient.go:132.2,134.6 2 1
uproxy/internal/uproxy/resilient.go:134.6,136.15 2 1
uproxy/internal/uproxy/resilient.go:136.15,139.4 2 0
uproxy/internal/uproxy/resilient.go:140.3,144.17 4 1
uproxy/internal/uproxy/resilient.go:144.17,146.18 2 1
uproxy/internal/uproxy/resilient.go:146.18,148.19 2 1
uproxy/internal/uproxy/resilient.go:148.19,157.6 7 1
uproxy/internal/uproxy/resilient.go:160.3,160.23 1 1
uproxy/internal/uproxy/resilient.go:164.54,168.2 3 1
uproxy/internal/uproxy/resilient.go:170.84,171.6 1 1
uproxy/internal/uproxy/resilient.go:171.6,173.15 2 1
uproxy/internal/uproxy/resilient.go:173.15,174.20 1 1
uproxy/internal/uproxy/resilient.go:174.20,176.5 1 1
uproxy/internal/uproxy/resilient.go:177.4,178.12 2 1
uproxy/internal/uproxy/resilient.go:181.3,182.17 2 1
uproxy/internal/uproxy/resilient.go:182.17,183.20 1 1
uproxy/internal/uproxy/resilient.go:183.20,185.5 1 1
uproxy/internal/uproxy/resilient.go:186.4,186.61 1 1
uproxy/internal/uproxy/resilient.go:186.61,188.5 1 1
uproxy/internal/uproxy/resilient.go:189.4,191.12 3 1
uproxy/internal/uproxy/resilient.go:194.3,195.23 2 1
uproxy/internal/uproxy/resilient.go:195.23,197.4 1 0
uproxy/internal/uproxy/resilient.go:198.3,198.22 1 1
uproxy/internal/uproxy/resilient.go:202.83,204.14 2 1
uproxy/internal/uproxy/resilient.go:204.14,205.19 1 1
uproxy/internal/uproxy/resilient.go:205.19,207.4 1 0
uproxy/internal/uproxy/resilient.go:208.3,208.21 1 1
uproxy/internal/uproxy/resilient.go:211.2,212.16 2 1
uproxy/internal/uproxy/resilient.go:212.16,213.19 1 1
uproxy/internal/uproxy/resilient.go:213.19,215.4 1 1
uproxy/internal/uproxy/resilient.go:216.3,216.60 1 1
uproxy/internal/uproxy/resilient.go:216.60,218.4 1 1
uproxy/internal/uproxy/resilient.go:219.3,220.21 2 1
uproxy/internal/uproxy/resilient.go:223.2,224.22 2 1
uproxy/internal/uproxy/resilient.go:224.22,226.3 1 0
uproxy/internal/uproxy/resilient.go:227.2,227.15 1 1
uproxy/internal/uproxy/resilient.go:230.62,231.32 1 1
uproxy/internal/uproxy/resilient.go:231.32,233.3 1 1
uproxy/internal/uproxy/resilient.go:234.2,234.12 1 1
uproxy/internal/uproxy/resilient.go:237.63,238.32 1 1
uproxy/internal/uproxy/resilient.go:238.32,240.3 1 1
uproxy/internal/uproxy/resilient.go:241.2,241.12 1 1
uproxy/internal/uproxy/resilient.go:244.47,248.2 3 1
uproxy/internal/uproxy/resilient.go:250.45,253.14 3 1
uproxy/internal/uproxy/resilient.go:253.14,255.3 1 1
uproxy/internal/uproxy/resilient.go:256.2,259.24 2 1
uproxy/internal/uproxy/resilient.go:259.24,261.3 1 1
uproxy/internal/uproxy/resilient.go:262.2,262.22 1 1
uproxy/internal/uproxy/resilient.go:262.22,264.3 1 1
uproxy/internal/uproxy/resilient.go:266.2,266.19 1 1
uproxy/internal/uproxy/resilient.go:266.19,268.3 1 1
uproxy/internal/uproxy/resilient.go:269.2,269.12 1 1
uproxy/internal/uproxy/resilient.go:272.52,273.32 1 1
uproxy/internal/uproxy/resilient.go:273.32,275.3 1 1
uproxy/internal/uproxy/resilient.go:276.2,276.23 1 1
uproxy/internal/uproxy/resilient.go:279.62,280.32 1 1
uproxy/internal/uproxy/resilient.go:280.32,282.3 1 1
uproxy/internal/uproxy/resilient.go:283.2,283.12 1 1
uproxy/internal/uproxy/resilient.go:286.66,287.32 1 1
uproxy/internal/uproxy/resilient.go:287.32,289.3 1 1
uproxy/internal/uproxy/resilient.go:290.2,290.12 1 1
uproxy/internal/uproxy/resilient.go:293.67,294.32 1 1
uproxy/internal/uproxy/resilient.go:294.32,296.3 1 1
uproxy/internal/uproxy/resilient.go:297.2,297.12 1 1
/internal/socks5/socks5.go:204.2,204.27 1 1
uproxy/internal/socks5/tcp_tunnel.go:16.123,20.16 3 0
uproxy/internal/socks5/tcp_tunnel.go:20.16,23.3 2 0
uproxy/internal/socks5/tcp_tunnel.go:25.2,26.20 2 0
uproxy/internal/socks5/tcp_tunnel.go:26.20,29.17 2 0
uproxy/internal/socks5/tcp_tunnel.go:29.17,32.4 2 0
uproxy/internal/socks5/tcp_tunnel.go:33.3,33.51 1 0
uproxy/internal/socks5/tcp_tunnel.go:36.2,37.16 2 0
uproxy/internal/socks5/tcp_tunnel.go:37.16,40.3 2 0
uproxy/internal/socks5/tcp_tunnel.go:41.2,46.162 3 0
uproxy/internal/socks5/tcp_tunnel.go:50.74,52.16 2 0
uproxy/internal/socks5/tcp_tunnel.go:52.16,54.3 1 0
uproxy/internal/socks5/tcp_tunnel.go:55.2,57.63 2 0
uproxy/internal/socks5/tcp_tunnel.go:57.63,60.3 2 0
uproxy/internal/socks5/tcp_tunnel.go:62.2,62.54 1 0
uproxy/internal/socks5/udp_tunnel.go:20.98,21.20 1 1
uproxy/internal/socks5/udp_tunnel.go:21.20,23.3 1 1
uproxy/internal/socks5/udp_tunnel.go:24.2,24.18 1 1
uproxy/internal/socks5/udp_tunnel.go:24.18,26.3 1 1
uproxy/internal/socks5/udp_tunnel.go:27.2,31.14 4 1
uproxy/internal/socks5/udp_tunnel.go:32.9,33.26 1 1
uproxy/internal/socks5/udp_tunnel.go:33.26,35.4 1 0
uproxy/internal/socks5/udp_tunnel.go:36.3,37.11 2 1
uproxy/internal/socks5/udp_tunnel.go:38.9,41.26 3 1
uproxy/internal/socks5/udp_tunnel.go:41.26,43.4 1 0
uproxy/internal/socks5/udp_tunnel.go:44.3,45.11 2 1
uproxy/internal/socks5/udp_tunnel.go:46.9,47.27 1 1
uproxy/internal/socks5/udp_tunnel.go:47.27,49.4 1 0
uproxy/internal/socks5/udp_tunnel.go:50.3,51.12 2 1
uproxy/internal/socks5/udp_tunnel.go:52.10,53.60 1 1
uproxy/internal/socks5/udp_tunnel.go:56.2,60.44 4 1
uproxy/internal/socks5/udp_tunnel.go:77.88,83.2 1 0
uproxy/internal/socks5/udp_tunnel.go:85.62,89.2 3 0
uproxy/internal/socks5/udp_tunnel.go:91.102,96.12 4 0
uproxy/internal/socks5/udp_tunnel.go:96.12,98.3 1 0
uproxy/internal/socks5/udp_tunnel.go:100.2,101.16 2 0
uproxy/internal/socks5/udp_tunnel.go:101.16,103.3 1 0
uproxy/internal/socks5/udp_tunnel.go:104.2,106.57 2 0
uproxy/internal/socks5/udp_tunnel.go:106.57,109.3 2 0
uproxy/internal/socks5/udp_tunnel.go:111.2,119.16 6 0
uproxy/internal/socks5/udp_tunnel.go:122.98,125.15 3 0
uproxy/internal/socks5/udp_tunnel.go:125.15,131.3 5 0
uproxy/internal/socks5/udp_tunnel.go:133.2,133.6 1 0
uproxy/internal/socks5/udp_tunnel.go:133.6,135.17 2 0
uproxy/internal/socks5/udp_tunnel.go:135.17,137.4 1 0
uproxy/internal/socks5/udp_tunnel.go:139.3,149.19 8 0
uproxy/internal/socks5/udp_tunnel.go:149.19,150.59 1 0
uproxy/internal/socks5/udp_tunnel.go:150.59,152.5 1 0
uproxy/internal/socks5/udp_tunnel.go:158.83,160.16 2 0
uproxy/internal/socks5/udp_tunnel.go:160.16,162.3 1 0
uproxy/internal/socks5/udp_tunnel.go:163.2,164.16 2 0
uproxy/internal/socks5/udp_tunnel.go:164.16,166.3 1 0
uproxy/internal/socks5/udp_tunnel.go:168.2,170.12 2 0
uproxy/internal/socks5/udp_tunnel.go:170.12,178.7 6 0
uproxy/internal/socks5/udp_tunnel.go:178.7,180.18 2 0
uproxy/internal/socks5/udp_tunnel.go:180.18,182.5 1 0
uproxy/internal/socks5/udp_tunnel.go:184.4,186.13 2 0
uproxy/internal/socks5/udp_tunnel.go:186.13,187.13 1 0
uproxy/internal/socks5/udp_tunnel.go:190.4,191.18 2 0
uproxy/internal/socks5/udp_tunnel.go:191.18,192.13 1 0
uproxy/internal/socks5/udp_tunnel.go:195.4,196.18 2 0
uproxy/internal/socks5/udp_tunnel.go:196.18,197.13 1 0
uproxy/internal/socks5/udp_tunnel.go:200.4,200.64 1 0
uproxy/internal/socks5/udp_tunnel.go:200.64,202.5 1 0
uproxy/internal/socks5/udp_tunnel.go:206.2,206.36 1 0
uproxy/internal/socks5/udp_tunnel.go:210.78,212.20 2 0
uproxy/internal/socks5/udp_tunnel.go:212.20,215.17 2 0
uproxy/internal/socks5/udp_tunnel.go:215.17,217.4 1 0
uproxy/internal/socks5/udp_tunnel.go:219.2,219.15 1 0
uproxy/internal/socks5/udp_tunnel.go:223.108,227.12 2 0
uproxy/internal/socks5/udp_tunnel.go:227.12,228.7 1 0
uproxy/internal/socks5/udp_tunnel.go:228.7,230.18 2 0
uproxy/internal/socks5/udp_tunnel.go:230.18,232.5 1 0
uproxy/internal/socks5/udp_tunnel.go:233.4,235.52 3 0
uproxy/internal/socks5/udp_tunnel.go:240.2,243.6 4 0
uproxy/internal/socks5/udp_tunnel.go:243.6,246.17 3 0
uproxy/internal/socks5/udp_tunnel.go:246.17,248.4 1 0
uproxy/internal/socks5/udp_tunnel.go:250.3,250.63 1 0
uproxy/internal/socks5/udp_tunnel.go:250.63,252.4 1 0
uproxy/internal/socks5/udp_tunnel.go:253.3,253.22 1 0
uproxy/internal/socks5/udp_tunnel.go:258.102,262.16 3 0
uproxy/internal/socks5/udp_tunnel.go:262.16,265.3 2 0
uproxy/internal/socks5/udp_tunnel.go:267.2,269.16 3 0
uproxy/internal/socks5/udp_tunnel.go:269.16,272.3 2 0
uproxy/internal/socks5/udp_tunnel.go:273.2,275.44 2 0
uproxy/internal/socks5/udp_tunnel.go:275.44,277.3 1 0
uproxy/internal/socks5/udp_tunnel.go:279.2,284.173 4 0
uproxy/internal/socks5/bufferpool.go:12.26,15.3 2 1
uproxy/internal/socks5/bufferpool.go:19.29,21.2 1 1
uproxy/internal/socks5/bufferpool.go:24.32,25.43 1 1
uproxy/internal/socks5/bufferpool.go:25.43,27.3 1 1
uproxy/internal/socks5/common.go:15.58,19.46 4 1
uproxy/internal/socks5/common.go:19.46,21.3 1 0
uproxy/internal/socks5/common.go:22.2,23.12 2 1
uproxy/internal/socks5/common.go:27.52,29.53 2 1
uproxy/internal/socks5/common.go:29.53,31.3 1 1
uproxy/internal/socks5/common.go:32.2,34.53 3 1
uproxy/internal/socks5/common.go:34.53,36.3 1 1
uproxy/internal/socks5/common.go:37.2,37.31 1 1
uproxy/internal/socks5/socks5.go:23.54,25.48 2 1
uproxy/internal/socks5/socks5.go:25.48,27.3 1 0
uproxy/internal/socks5/socks5.go:31.40,33.48 2 1
uproxy/internal/socks5/socks5.go:33.48,35.3 1 0
uproxy/internal/socks5/socks5.go:39.154,41.16 2 1
uproxy/internal/socks5/socks5.go:41.16,43.3 1 0
uproxy/internal/socks5/socks5.go:44.2,46.12 2 1
uproxy/internal/socks5/socks5.go:46.12,49.3 2 1
uproxy/internal/socks5/socks5.go:51.2,51.6 1 1
uproxy/internal/socks5/socks5.go:51.6,53.17 2 1
uproxy/internal/socks5/socks5.go:53.17,54.11 1 1
uproxy/internal/socks5/socks5.go:55.22,56.15 1 1
uproxy/internal/socks5/socks5.go:57.12,58.13 1 0
uproxy/internal/socks5/socks5.go:61.3,61.48 1 0
uproxy/internal/socks5/socks5.go:65.125,69.53 3 1
uproxy/internal/socks5/socks5.go:69.53,71.3 1 0
uproxy/internal/socks5/socks5.go:73.2,74.16 2 1
uproxy/internal/socks5/socks5.go:74.16,76.3 1 0
uproxy/internal/socks5/socks5.go:78.2,78.13 1 1
uproxy/internal/socks5/socks5.go:79.35,80.62 1 1
uproxy/internal/socks5/socks5.go:81.40,82.48 1 0
uproxy/internal/socks5/socks5.go:83.10,84.57 1 1
uproxy/internal/socks5/socks5.go:88.50,90.53 2 1
uproxy/internal/socks5/socks5.go:90.53,92.3 1 1
uproxy/internal/socks5/socks5.go:93.2,93.20 1 1
uproxy/internal/socks5/socks5.go:93.20,95.3 1 1
uproxy/internal/socks5/socks5.go:97.2,98.54 2 1
uproxy/internal/socks5/socks5.go:98.54,100.3 1 0
uproxy/internal/socks5/socks5.go:103.2,104.12 2 1
uproxy/internal/socks5/socks5.go:107.81,109.52 2 1
uproxy/internal/socks5/socks5.go:109.52,111.3 1 1
uproxy/internal/socks5/socks5.go:112.2,112.20 1 1
uproxy/internal/socks5/socks5.go:112.20,115.3 2 1
uproxy/internal/socks5/socks5.go:117.2,121.14 4 1
uproxy/internal/socks5/socks5.go:122.9,124.52 2 1
uproxy/internal/socks5/socks5.go:124.52,126.4 1 0
uproxy/internal/socks5/socks5.go:127.3,127.32 1 1
uproxy/internal/socks5/socks5.go:128.9,130.51 2 1
uproxy/internal/socks5/socks5.go:130.51,132.4 1 0
uproxy/internal/socks5/socks5.go:133.3,134.53 2 1
uproxy/internal/socks5/socks5.go:134.53,136.4 1 0
uproxy/internal/socks5/socks5.go:137.3,137.24 1 1
uproxy/internal/socks5/socks5.go:138.9,140.52 2 1
uproxy/internal/socks5/socks5.go:140.52,142.4 1 1
uproxy/internal/socks5/socks5.go:143.3,143.32 1 1
uproxy/internal/socks5/socks5.go:144.10,146.9 2 1
uproxy/internal/socks5/socks5.go:149.2,150.56 2 1
uproxy/internal/socks5/socks5.go:150.56,152.3 1 0
uproxy/internal/socks5/socks5.go:153.2,155.8 3 1
uproxy/internal/socks5/socks5.go:158.113,161.16 3 1
uproxy/internal/socks5/socks5.go:161.16,165.3 3 1
uproxy/internal/socks5/socks5.go:166.2,172.113 3 1
uproxy/internal/socks5/socks5.go:175.104,178.16 3 1
uproxy/internal/socks5/socks5.go:178.16,182.3 3 1
uproxy/internal/socks5/socks5.go:183.2,189.38 5 1
uproxy/internal/socks5/socks5.go:189.38,193.3 2 1
uproxy/internal/socks5/socks5.go:193.8,197.3 2 1
uproxy/internal/socks5/socks5.go:198.2,199.43 2 1
uproxy/internal/socks5/socks5.go:199.43,201.3 1 0
uproxy/internal/socks5/socks5.go:204.2,204.27 1 1
uproxy/internal/socks5/tcp_tunnel.go:16.123,20.16 3 0
uproxy/internal/socks5/tcp_tunnel.go:20.16,23.3 2 0
uproxy/internal/socks5/tcp_tunnel.go:25.2,26.20 2 0
uproxy/internal/socks5/tcp_tunnel.go:26.20,29.17 2 0
uproxy/internal/socks5/tcp_tunnel.go:29.17,32.4 2 0
uproxy/internal/socks5/tcp_tunnel.go:33.3,33.51 1 0
uproxy/internal/socks5/tcp_tunnel.go:36.2,37.16 2 0
uproxy/internal/socks5/tcp_tunnel.go:37.16,40.3 2 0
uproxy/internal/socks5/tcp_tunnel.go:41.2,46.162 3 0
uproxy/internal/socks5/tcp_tunnel.go:50.74,52.16 2 0
uproxy/internal/socks5/tcp_tunnel.go:52.16,54.3 1 0
uproxy/internal/socks5/tcp_tunnel.go:55.2,57.63 2 0
uproxy/internal/socks5/tcp_tunnel.go:57.63,60.3 2 0
uproxy/internal/socks5/tcp_tunnel.go:62.2,62.54 1 0
uproxy/internal/socks5/udp_tunnel.go:20.98,21.20 1 1
uproxy/internal/socks5/udp_tunnel.go:21.20,23.3 1 1
uproxy/internal/socks5/udp_tunnel.go:24.2,24.18 1 1
uproxy/internal/socks5/udp_tunnel.go:24.18,26.3 1 1
uproxy/internal/socks5/udp_tunnel.go:27.2,31.14 4 1
uproxy/internal/socks5/udp_tunnel.go:32.9,33.26 1 1
uproxy/internal/socks5/udp_tunnel.go:33.26,35.4 1 0
uproxy/internal/socks5/udp_tunnel.go:36.3,37.11 2 1
uproxy/internal/socks5/udp_tunnel.go:38.9,41.26 3 1
uproxy/internal/socks5/udp_tunnel.go:41.26,43.4 1 0
uproxy/internal/socks5/udp_tunnel.go:44.3,45.11 2 1
uproxy/internal/socks5/udp_tunnel.go:46.9,47.27 1 1
uproxy/internal/socks5/udp_tunnel.go:47.27,49.4 1 0
uproxy/internal/socks5/udp_tunnel.go:50.3,51.12 2 1
uproxy/internal/socks5/udp_tunnel.go:52.10,53.60 1 1
uproxy/internal/socks5/udp_tunnel.go:56.2,60.44 4 1
uproxy/internal/socks5/udp_tunnel.go:77.88,83.2 1 0
uproxy/internal/socks5/udp_tunnel.go:85.62,89.2 3 0
uproxy/internal/socks5/udp_tunnel.go:91.102,96.12 4 0
uproxy/internal/socks5/udp_tunnel.go:96.12,98.3 1 0
uproxy/internal/socks5/udp_tunnel.go:100.2,101.16 2 0
uproxy/internal/socks5/udp_tunnel.go:101.16,103.3 1 0
uproxy/internal/socks5/udp_tunnel.go:104.2,106.57 2 0
uproxy/internal/socks5/udp_tunnel.go:106.57,109.3 2 0
uproxy/internal/socks5/udp_tunnel.go:111.2,119.16 6 0
uproxy/internal/socks5/udp_tunnel.go:122.98,125.15 3 0
uproxy/internal/socks5/udp_tunnel.go:125.15,131.3 5 0
uproxy/internal/socks5/udp_tunnel.go:133.2,133.6 1 0
uproxy/internal/socks5/udp_tunnel.go:133.6,135.17 2 0
uproxy/internal/socks5/udp_tunnel.go:135.17,137.4 1 0
uproxy/internal/socks5/udp_tunnel.go:139.3,149.19 8 0
uproxy/internal/socks5/udp_tunnel.go:149.19,150.59 1 0
uproxy/internal/socks5/udp_tunnel.go:150.59,152.5 1 0
uproxy/internal/socks5/udp_tunnel.go:158.83,160.16 2 0
uproxy/internal/socks5/udp_tunnel.go:160.16,162.3 1 0
uproxy/internal/socks5/udp_tunnel.go:163.2,164.16 2 0
uproxy/internal/socks5/udp_tunnel.go:164.16,166.3 1 0
uproxy/internal/socks5/udp_tunnel.go:168.2,170.12 2 0
uproxy/internal/socks5/udp_tunnel.go:170.12,178.7 6 0
uproxy/internal/socks5/udp_tunnel.go:178.7,180.18 2 0
uproxy/internal/socks5/udp_tunnel.go:180.18,182.5 1 0
uproxy/internal/socks5/udp_tunnel.go:184.4,186.13 2 0
uproxy/internal/socks5/udp_tunnel.go:186.13,187.13 1 0
uproxy/internal/socks5/udp_tunnel.go:190.4,191.18 2 0
uproxy/internal/socks5/udp_tunnel.go:191.18,192.13 1 0
uproxy/internal/socks5/udp_tunnel.go:195.4,196.18 2 0
uproxy/internal/socks5/udp_tunnel.go:196.18,197.13 1 0
uproxy/internal/socks5/udp_tunnel.go:200.4,200.64 1 0
uproxy/internal/socks5/udp_tunnel.go:200.64,202.5 1 0
uproxy/internal/socks5/udp_tunnel.go:206.2,206.36 1 0
uproxy/internal/socks5/udp_tunnel.go:210.78,212.20 2 0
uproxy/internal/socks5/udp_tunnel.go:212.20,215.17 2 0
uproxy/internal/socks5/udp_tunnel.go:215.17,217.4 1 0
uproxy/internal/socks5/udp_tunnel.go:219.2,219.15 1 0
uproxy/internal/socks5/udp_tunnel.go:223.108,227.12 2 0
uproxy/internal/socks5/udp_tunnel.go:227.12,228.7 1 0
uproxy/internal/socks5/udp_tunnel.go:228.7,230.18 2 0
uproxy/internal/socks5/udp_tunnel.go:230.18,232.5 1 0
uproxy/internal/socks5/udp_tunnel.go:233.4,235.52 3 0
uproxy/internal/socks5/udp_tunnel.go:240.2,243.6 4 0
uproxy/internal/socks5/udp_tunnel.go:243.6,246.17 3 0
uproxy/internal/socks5/udp_tunnel.go:246.17,248.4 1 0
uproxy/internal/socks5/udp_tunnel.go:250.3,250.63 1 0
uproxy/internal/socks5/udp_tunnel.go:250.63,252.4 1 0
uproxy/internal/socks5/udp_tunnel.go:253.3,253.22 1 0
uproxy/internal/socks5/udp_tunnel.go:258.102,262.16 3 0
uproxy/internal/socks5/udp_tunnel.go:262.16,265.3 2 0
uproxy/internal/socks5/udp_tunnel.go:267.2,269.16 3 0
uproxy/internal/socks5/udp_tunnel.go:269.16,272.3 2 0
uproxy/internal/socks5/udp_tunnel.go:273.2,275.44 2 0
uproxy/internal/socks5/udp_tunnel.go:275.44,277.3 1 0
uproxy/internal/socks5/udp_tunnel.go:279.2,284.173 4 0
